systemd-+-ModemManager---3*[{ModemManager}]
        |-NetworkManager---3*[{NetworkManager}]
        |-VGAuthService
        |-accounts-daemon---3*[{accounts-daemon}]
        |-avahi-daemon---avahi-daemon
        |-colord---3*[{colord}]
        |-cron
        |-cups-browsed---3*[{cups-browsed}]
        |-cupsd---5*[dbus]
        |-dbus-daemon
        |-fwupd---5*[{fwupd}]
        |-gdm3-+-gdm-session-wor-+-gdm-wayland-ses-+-gnome-session-b---3*[{gnome-session-b}]
        |      |                 |                 `-3*[{gdm-wayland-ses}]
        |      |                 `-3*[{gdm-session-wor}]
        |      `-3*[{gdm3}]
        |-gnome-remote-de---3*[{gnome-remote-de}]
        |-2*[kerneloops]
        |-networkd-dispat
        |-polkitd---3*[{polkitd}]
        |-power-profiles----3*[{power-profiles-}]
        |-rsyslogd---3*[{rsyslogd}]
        |-rtkit-daemon---2*[{rtkit-daemon}]
        |-snapd---8*[{snapd}]
        |-switcheroo-cont---3*[{switcheroo-cont}]
        |-systemd-+-(sd-pam)
        |         |-at-spi2-registr---3*[{at-spi2-registr}]
        |         |-dbus-daemon
        |         |-dconf-service---3*[{dconf-service}]
        |         |-evolution-addre---6*[{evolution-addre}]
        |         |-evolution-calen---9*[{evolution-calen}]
        |         |-evolution-sourc---4*[{evolution-sourc}]
        |         |-gcr-ssh-agent---2*[{gcr-ssh-agent}]
        |         |-2*[gjs---11*[{gjs}]]
        |         |-gnome-keyring-d---4*[{gnome-keyring-d}]
        |         |-gnome-session-b-+-at-spi-bus-laun-+-dbus-daemon
        |         |                 |                 `-4*[{at-spi-bus-laun}]
        |         |                 |-evolution-alarm---7*[{evolution-alarm}]
        |         |                 |-gsd-disk-utilit---3*[{gsd-disk-utilit}]
        |         |                 |-update-notifier---4*[{update-notifier}]
        |         |                 `-5*[{gnome-session-b}]
        |         |-gnome-session-c---{gnome-session-c}
        |         |-gnome-shell-+-Xwayland
        |         |             |-firefox-+-Isolated Web Co---17*[{Isolated Web Co}]
        |         |             |         |-Privileged Cont---16*[{Privileged Cont}]
        |         |             |         |-Socket Process---5*[{Socket Process}]
        |         |             |         |-Utility Process---4*[{Utility Process}]
        |         |             |         |-Web Content---13*[{Web Content}]
        |         |             |         |-2*[Web Content---12*[{Web Content}]]
        |         |             |         |-WebExtensions---15*[{WebExtensions}]
        |         |             |         `-69*[{firefox}]
        |         |             |-gjs---13*[{gjs}]
        |         |             |-mutter-x11-fram---5*[{mutter-x11-fram}]
        |         |             `-18*[{gnome-shell}]
        |         |-gnome-shell-cal---6*[{gnome-shell-cal}]
        |         |-gnome-terminal--+-bash---Clientinfo.sh---pstree
        |         |                 `-6*[{gnome-terminal-}]
        |         |-gnome-text-edit---7*[{gnome-text-edit}]
        |         |-goa-daemon---4*[{goa-daemon}]
        |         |-goa-identity-se---3*[{goa-identity-se}]
        |         |-gsd-a11y-settin---4*[{gsd-a11y-settin}]
        |         |-gsd-color---4*[{gsd-color}]
        |         |-gsd-datetime---4*[{gsd-datetime}]
        |         |-gsd-housekeepin---4*[{gsd-housekeepin}]
        |         |-gsd-keyboard---4*[{gsd-keyboard}]
        |         |-gsd-media-keys---4*[{gsd-media-keys}]
        |         |-gsd-power---4*[{gsd-power}]
        |         |-gsd-print-notif---3*[{gsd-print-notif}]
        |         |-gsd-printer---3*[{gsd-printer}]
        |         |-gsd-rfkill---3*[{gsd-rfkill}]
        |         |-gsd-screensaver---3*[{gsd-screensaver}]
        |         |-gsd-sharing---4*[{gsd-sharing}]
        |         |-gsd-smartcard---4*[{gsd-smartcard}]
        |         |-gsd-sound---4*[{gsd-sound}]
        |         |-gsd-wacom---4*[{gsd-wacom}]
        |         |-gsd-xsettings---4*[{gsd-xsettings}]
        |         |-gvfs-afc-volume---4*[{gvfs-afc-volume}]
        |         |-gvfs-goa-volume---3*[{gvfs-goa-volume}]
        |         |-gvfs-gphoto2-vo---3*[{gvfs-gphoto2-vo}]
        |         |-gvfs-mtp-volume---3*[{gvfs-mtp-volume}]
        |         |-gvfs-udisks2-vo---4*[{gvfs-udisks2-vo}]
        |         |-gvfsd-+-gvfsd-dnssd---3*[{gvfsd-dnssd}]
        |         |       |-gvfsd-network---4*[{gvfsd-network}]
        |         |       |-gvfsd-recent---3*[{gvfsd-recent}]
        |         |       |-gvfsd-trash---5*[{gvfsd-trash}]
        |         |       `-3*[{gvfsd}]
        |         |-gvfsd-fuse---6*[{gvfsd-fuse}]
        |         |-gvfsd-metadata---3*[{gvfsd-metadata}]
        |         |-ibus-daemon-+-ibus-engine-sim---3*[{ibus-engine-sim}]
        |         |             |-ibus-extension----4*[{ibus-extension-}]
        |         |             |-ibus-memconf---3*[{ibus-memconf}]
        |         |             `-3*[{ibus-daemon}]
        |         |-ibus-portal---3*[{ibus-portal}]
        |         |-ibus-x11---3*[{ibus-x11}]
        |         |-nautilus---7*[{nautilus}]
        |         |-2*[pipewire---2*[{pipewire}]]
        |         |-pipewire-pulse---2*[{pipewire-pulse}]
        |         |-snap---7*[{snap}]
        |         |-snapd-desktop-i---snapd-desktop-i---4*[{snapd-desktop-i}]
        |         |-tracker-miner-f---7*[{tracker-miner-f}]
        |         |-vmtoolsd---2*[{vmtoolsd}]
        |         |-wireplumber---5*[{wireplumber}]
        |         |-xdg-desktop-por---6*[{xdg-desktop-por}]
        |         |-xdg-desktop-por---5*[{xdg-desktop-por}]
        |         |-xdg-desktop-por---4*[{xdg-desktop-por}]
        |         |-xdg-document-po-+-fusermount3
        |         |                 `-6*[{xdg-document-po}]
        |         `-xdg-permission----3*[{xdg-permission-}]
        |-systemd-journal
        |-systemd-logind
        |-systemd-oomd
        |-systemd-resolve
        |-systemd-timesyn---{systemd-timesyn}
        |-systemd-udevd
        |-udisksd---5*[{udisksd}]
        |-unattended-upgr---{unattended-upgr}
        |-upowerd---3*[{upowerd}]
        |-vmtoolsd---3*[{vmtoolsd}]
        |-vmware-vmblock----3*[{vmware-vmblock-}]
        `-wpa_supplicant
top - 20:24:16 up  1:13,  1 user,  load average: 0.50, 0.24, 0.13
Tasks: 321 total,   2 running, 319 sleeping,   0 stopped,   0 zombie
%Cpu(s): 20.8 us, 16.7 sy,  0.0 ni, 62.5 id,  0.0 wa,  0.0 hi,  0.0 si,  0.0 st 
MiB Mem :   3868.2 total,    140.0 free,   2101.7 used,   1957.0 buff/cache     
MiB Swap:   3868.0 total,   3868.0 free,      0.0 used.   1766.5 avail Mem 

    PID USER      PR  NI    VIRT    RES    SHR S  %CPU  %MEM     TIME+ COMMAND
   5750 aisha     20   0   23168   5376   3328 R  16.7   0.1   0:00.04 top
   2440 aisha     20   0 3897660 282656 130812 S   8.3   7.1   4:55.42 gnome-s+
   4515 aisha     20   0 1470560 186124 100464 R   8.3   4.7   2:12.03 gnome-t+
      1 root      20   0   23036  13988   9380 S   0.0   0.4   0:03.49 systemd
      2 root      20   0       0      0      0 S   0.0   0.0   0:00.05 kthreadd
      3 root      20   0       0      0      0 S   0.0   0.0   0:00.00 pool_wo+
      4 root       0 -20       0      0      0 I   0.0   0.0   0:00.00 kworker+
      5 root       0 -20       0      0      0 I   0.0   0.0   0:00.00 kworker+
      6 root       0 -20       0      0      0 I   0.0   0.0   0:00.00 kworker+
      7 root       0 -20       0      0      0 I   0.0   0.0   0:00.00 kworker+
     11 root      20   0       0      0      0 I   0.0   0.0   0:00.13 kworker+
     12 root       0 -20       0      0      0 I   0.0   0.0   0:00.00 kworker+
     13 root      20   0       0      0      0 I   0.0   0.0   0:00.00 rcu_tas+
     14 root      20   0       0      0      0 I   0.0   0.0   0:00.00 rcu_tas+
     15 root      20   0       0      0      0 I   0.0   0.0   0:00.00 rcu_tas+
     16 root      20   0       0      0      0 S   0.0   0.0   0:00.30 ksoftir+
     17 root      20   0       0      0      0 I   0.0   0.0   0:01.55 rcu_pre+
     18 root      rt   0       0      0      0 S   0.0   0.0   0:00.06 migrati+
     19 root     -51   0       0      0      0 S   0.0   0.0   0:00.00 idle_in+
     20 root      20   0       0      0      0 S   0.0   0.0   0:00.00 cpuhp/0
     21 root      20   0       0      0      0 S   0.0   0.0   0:00.00 cpuhp/1
     22 root     -51   0       0      0      0 S   0.0   0.0   0:00.00 idle_in+
     23 root      rt   0       0      0      0 S   0.0   0.0   0:00.67 migrati+
     24 root      20   0       0      0      0 S   0.0   0.0   0:00.15 ksoftir+
     26 root       0 -20       0      0      0 I   0.0   0.0   0:00.00 kworker+
     29 root      20   0       0      0      0 S   0.0   0.0   0:00.00 kdevtmp+
     30 root       0 -20       0      0      0 I   0.0   0.0   0:00.00 kworker+
     32 root      20   0       0      0      0 S   0.0   0.0   0:00.00 kauditd
     34 root      20   0       0      0      0 S   0.0   0.0   0:00.02 khungta+
     35 root      20   0       0      0      0 S   0.0   0.0   0:00.00 oom_rea+
     37 root       0 -20       0      0      0 I   0.0   0.0   0:00.00 kworker+
     38 root      20   0       0      0      0 S   0.0   0.0   0:00.46 kcompac+
     39 root      25   5       0      0      0 S   0.0   0.0   0:00.00 ksmd
     42 root      39  19       0      0      0 S   0.0   0.0   0:00.00 khugepa+
     43 root       0 -20       0      0      0 I   0.0   0.0   0:00.00 kworker+
     44 root       0 -20       0      0      0 I   0.0   0.0   0:00.00 kworker+
     45 root       0 -20       0      0      0 I   0.0   0.0   0:00.00 kworker+
     46 root     -51   0       0      0      0 S   0.0   0.0   0:00.00 irq/9-a+
     47 root       0 -20       0      0      0 I   0.0   0.0   0:00.00 kworker+
     48 root       0 -20       0      0      0 I   0.0   0.0   0:00.00 kworker+
     49 root       0 -20       0      0      0 I   0.0   0.0   0:00.00 kworker+
     50 root       0 -20       0      0      0 I   0.0   0.0   0:00.00 kworker+
     51 root       0 -20       0      0      0 I   0.0   0.0   0:00.00 kworker+
     52 root       0 -20       0      0      0 I   0.0   0.0   0:00.00 kworker+
     53 root     -51   0       0      0      0 S   0.0   0.0   0:00.00 watchdo+
     54 root       0 -20       0      0      0 I   0.0   0.0   0:01.09 kworker+
     55 root      20   0       0      0      0 S   0.0   0.0   0:00.47 kswapd0
     56 root      20   0       0      0      0 S   0.0   0.0   0:00.00 ecryptf+
     57 root       0 -20       0      0      0 I   0.0   0.0   0:00.00 kworker+
     58 root     -51   0       0      0      0 S   0.0   0.0   0:00.00 irq/24-+
     59 root     -51   0       0      0      0 S   0.0   0.0   0:00.00 irq/25-+
     60 root     -51   0       0      0      0 S   0.0   0.0   0:00.00 irq/26-+
     61 root     -51   0       0      0      0 S   0.0   0.0   0:00.00 irq/27-+
     62 root     -51   0       0      0      0 S   0.0   0.0   0:00.00 irq/28-+
     63 root     -51   0       0      0      0 S   0.0   0.0   0:00.00 irq/29-+
     64 root     -51   0       0      0      0 S   0.0   0.0   0:00.00 irq/30-+
     65 root     -51   0       0      0      0 S   0.0   0.0   0:00.00 irq/31-+
     66 root     -51   0       0      0      0 S   0.0   0.0   0:00.00 irq/32-+
     67 root     -51   0       0      0      0 S   0.0   0.0   0:00.00 irq/33-+
     68 root     -51   0       0      0      0 S   0.0   0.0   0:00.00 irq/34-+
     69 root     -51   0       0      0      0 S   0.0   0.0   0:00.00 irq/35-+
     70 root     -51   0       0      0      0 S   0.0   0.0   0:00.00 irq/36-+
     71 root     -51   0       0      0      0 S   0.0   0.0   0:00.00 irq/37-+
     72 root     -51   0       0      0      0 S   0.0   0.0   0:00.00 irq/38-+
     73 root     -51   0       0      0      0 S   0.0   0.0   0:00.00 irq/39-+
     74 root     -51   0       0      0      0 S   0.0   0.0   0:00.00 irq/40-+
     75 root     -51   0       0      0      0 S   0.0   0.0   0:00.00 irq/41-+
     76 root     -51   0       0      0      0 S   0.0   0.0   0:00.00 irq/42-+
     77 root     -51   0       0      0      0 S   0.0   0.0   0:00.00 irq/43-+
     78 root     -51   0       0      0      0 S   0.0   0.0   0:00.00 irq/44-+
     79 root     -51   0       0      0      0 S   0.0   0.0   0:00.00 irq/45-+
     80 root     -51   0       0      0      0 S   0.0   0.0   0:00.00 irq/46-+
     81 root     -51   0       0      0      0 S   0.0   0.0   0:00.00 irq/47-+
     82 root     -51   0       0      0      0 S   0.0   0.0   0:00.00 irq/48-+
     83 root     -51   0       0      0      0 S   0.0   0.0   0:00.00 irq/49-+
     84 root     -51   0       0      0      0 S   0.0   0.0   0:00.00 irq/50-+
     85 root     -51   0       0      0      0 S   0.0   0.0   0:00.00 irq/51-+
     86 root     -51   0       0      0      0 S   0.0   0.0   0:00.00 irq/52-+
     87 root     -51   0       0      0      0 S   0.0   0.0   0:00.00 irq/53-+
     88 root     -51   0       0      0      0 S   0.0   0.0   0:00.00 irq/54-+
     89 root     -51   0       0      0      0 S   0.0   0.0   0:00.00 irq/55-+
     90 root       0 -20       0      0      0 I   0.0   0.0   0:00.00 kworker+
     91 root      20   0       0      0      0 S   0.0   0.0   0:00.02 scsi_eh+
     92 root       0 -20       0      0      0 I   0.0   0.0   0:00.00 kworker+
     93 root      20   0       0      0      0 S   0.0   0.0   0:00.01 scsi_eh+
     94 root       0 -20       0      0      0 I   0.0   0.0   0:00.00 kworker+
     97 root       0 -20       0      0      0 I   0.0   0.0   0:00.00 kworker+
     99 root       0 -20       0      0      0 I   0.0   0.0   0:00.00 kworker+
    107 root       0 -20       0      0      0 I   0.0   0.0   0:00.00 kworker+
    109 root       0 -20       0      0      0 I   0.0   0.0   0:00.00 kworker+
    119 root      20   0       0      0      0 I   0.0   0.0   0:05.67 kworker+
    125 root       0 -20       0      0      0 I   0.0   0.0   0:00.00 kworker+
    174 root       0 -20       0      0      0 I   0.0   0.0   0:00.00 kworker+
    175 root       0 -20       0      0      0 I   0.0   0.0   0:00.00 kworker+
    186 root      20   0       0      0      0 S   0.0   0.0   0:00.00 scsi_eh+
    187 root       0 -20       0      0      0 I   0.0   0.0   0:00.00 kworker+
    188 root      20   0       0      0      0 S   0.0   0.0   0:00.00 scsi_eh+
    189 root       0 -20       0      0      0 I   0.0   0.0   0:00.00 kworker+
    190 root      20   0       0      0      0 S   0.0   0.0   0:00.00 scsi_eh+
    191 root       0 -20       0      0      0 I   0.0   0.0   0:00.00 kworker+
    192 root      20   0       0      0      0 S   0.0   0.0   0:00.00 scsi_eh+
    193 root       0 -20       0      0      0 I   0.0   0.0   0:00.00 kworker+
    194 root      20   0       0      0      0 S   0.0   0.0   0:00.00 scsi_eh+
    195 root       0 -20       0      0      0 I   0.0   0.0   0:00.00 kworker+
    196 root      20   0       0      0      0 S   0.0   0.0   0:00.00 scsi_eh+
    197 root       0 -20       0      0      0 I   0.0   0.0   0:00.00 kworker+
    198 root      20   0       0      0      0 S   0.0   0.0   0:00.00 scsi_eh+
    199 root       0 -20       0      0      0 I   0.0   0.0   0:00.00 kworker+
    200 root      20   0       0      0      0 S   0.0   0.0   0:00.00 scsi_eh+
    201 root       0 -20       0      0      0 I   0.0   0.0   0:00.00 kworker+
    202 root      20   0       0      0      0 S   0.0   0.0   0:00.00 scsi_eh+
    203 root       0 -20       0      0      0 I   0.0   0.0   0:00.00 kworker+
    204 root      20   0       0      0      0 S   0.0   0.0   0:00.00 scsi_eh+
    205 root       0 -20       0      0      0 I   0.0   0.0   0:00.00 kworker+
    206 root      20   0       0      0      0 S   0.0   0.0   0:00.00 scsi_eh+
    207 root       0 -20       0      0      0 I   0.0   0.0   0:00.00 kworker+
    208 root      20   0       0      0      0 S   0.0   0.0   0:00.00 scsi_eh+
    209 root       0 -20       0      0      0 I   0.0   0.0   0:00.00 kworker+
    210 root      20   0       0      0      0 S   0.0   0.0   0:00.00 scsi_eh+
    211 root       0 -20       0      0      0 I   0.0   0.0   0:00.00 kworker+
    212 root      20   0       0      0      0 S   0.0   0.0   0:00.00 scsi_eh+
    213 root       0 -20       0      0      0 I   0.0   0.0   0:00.00 kworker+
    214 root      20   0       0      0      0 S   0.0   0.0   0:00.00 scsi_eh+
    215 root      20   0       0      0      0 S   0.0   0.0   0:00.00 scsi_eh+
    216 root       0 -20       0      0      0 I   0.0   0.0   0:00.00 kworker+
    217 root      20   0       0      0      0 S   0.0   0.0   0:00.00 scsi_eh+
    218 root       0 -20       0      0      0 I   0.0   0.0   0:00.00 kworker+
    219 root       0 -20       0      0      0 I   0.0   0.0   0:00.00 kworker+
    220 root      20   0       0      0      0 S   0.0   0.0   0:00.00 scsi_eh+
    221 root       0 -20       0      0      0 I   0.0   0.0   0:00.00 kworker+
    222 root      20   0       0      0      0 S   0.0   0.0   0:00.00 scsi_eh+
    223 root       0 -20       0      0      0 I   0.0   0.0   0:00.00 kworker+
    224 root      20   0       0      0      0 S   0.0   0.0   0:00.00 scsi_eh+
    225 root       0 -20       0      0      0 I   0.0   0.0   0:00.00 kworker+
    226 root      20   0       0      0      0 S   0.0   0.0   0:00.00 scsi_eh+
    227 root       0 -20       0      0      0 I   0.0   0.0   0:00.00 kworker+
    228 root      20   0       0      0      0 S   0.0   0.0   0:00.00 scsi_eh+
    229 root       0 -20       0      0      0 I   0.0   0.0   0:00.00 kworker+
    230 root      20   0       0      0      0 S   0.0   0.0   0:00.00 scsi_eh+
    231 root       0 -20       0      0      0 I   0.0   0.0   0:00.00 kworker+
    232 root      20   0       0      0      0 S   0.0   0.0   0:00.00 scsi_eh+
    233 root       0 -20       0      0      0 I   0.0   0.0   0:00.00 kworker+
    234 root      20   0       0      0      0 S   0.0   0.0   0:00.00 scsi_eh+
    235 root       0 -20       0      0      0 I   0.0   0.0   0:00.00 kworker+
    236 root      20   0       0      0      0 S   0.0   0.0   0:00.00 scsi_eh+
    237 root       0 -20       0      0      0 I   0.0   0.0   0:00.00 kworker+
    238 root      20   0       0      0      0 S   0.0   0.0   0:00.00 scsi_eh+
    239 root       0 -20       0      0      0 I   0.0   0.0   0:00.00 kworker+
    240 root      20   0       0      0      0 S   0.0   0.0   0:00.00 scsi_eh+
    241 root       0 -20       0      0      0 I   0.0   0.0   0:00.00 kworker+
    242 root      20   0       0      0      0 S   0.0   0.0   0:00.00 scsi_eh+
    243 root       0 -20       0      0      0 I   0.0   0.0   0:00.00 kworker+
    244 root      20   0       0      0      0 S   0.0   0.0   0:00.00 scsi_eh+
    245 root       0 -20       0      0      0 I   0.0   0.0   0:00.00 kworker+
    246 root      20   0       0      0      0 S   0.0   0.0   0:00.00 scsi_eh+
    247 root       0 -20       0      0      0 I   0.0   0.0   0:00.00 kworker+
    268 root      20   0       0      0      0 I   0.0   0.0   0:06.11 kworker+
    319 root      20   0       0      0      0 S   0.0   0.0   0:00.80 jbd2/sd+
    320 root       0 -20       0      0      0 I   0.0   0.0   0:00.00 kworker+
    373 root      19  -1   50848  18048  16512 S   0.0   0.5   0:00.99 systemd+
    410 root      20   0  227240   1548   1280 S   0.0   0.0   0:00.00 vmware-+
    411 root     -51   0       0      0      0 S   0.0   0.0   0:08.72 irq/16-+
    415 root       0 -20       0      0      0 I   0.0   0.0   0:00.00 kworker+
    448 root      20   0   32280  10328   4952 S   0.0   0.3   0:00.36 systemd+
    450 root      20   0       0      0      0 I   0.0   0.0   0:00.00 kworker+
    490 root      -2   0       0      0      0 S   0.0   0.0   0:00.00 psimon
    514 systemd+  20   0   17556   7552   6656 S   0.0   0.2   0:03.92 systemd+
    524 systemd+  20   0   21704  13184  10880 S   0.0   0.3   0:00.48 systemd+
    533 systemd+  20   0   91044   7808   6912 S   0.0   0.2   0:00.14 systemd+
    706 root      20   0   64732  11904  10368 S   0.0   0.3   0:00.03 VGAuthS+
    718 root      20   0  253436   9216   7808 S   0.0   0.2   0:22.35 vmtoolsd
    785 root     -51   0       0      0      0 S   0.0   0.0   0:00.22 irq/57-+
    786 root     -51   0       0      0      0 S   0.0   0.0   0:00.00 irq/58-+
    787 root     -51   0       0      0      0 S   0.0   0.0   0:00.03 irq/59-+
    830 avahi     20   0    8740   4480   4096 S   0.0   0.1   0:00.31 avahi-d+
    838 message+  20   0   12144   7168   4480 S   0.0   0.2   0:01.15 dbus-da+
    863 gnome-r+  20   0  439072  16212  13908 S   0.0   0.4   0:00.07 gnome-r+
    955 root      20   0   43536  21248  10496 S   0.0   0.5   0:00.18 network+
    964 polkitd   20   0  384632  11036   7808 S   0.0   0.3   0:00.81 polkitd
    974 root      20   0  322044   7424   6784 S   0.0   0.2   0:00.05 power-p+
    989 root      20   0 1843592  33040  20992 S   0.0   0.8   0:01.45 snapd
   1002 root      20   0  321960   7620   6852 S   0.0   0.2   0:00.35 account+
   1008 root      20   0   18092   2688   2560 S   0.0   0.1   0:00.05 cron
   1024 root      20   0  318576   6784   6144 S   0.0   0.2   0:00.11 switche+
   1052 root      20   0   18264   8704   7680 S   0.0   0.2   0:00.26 systemd+
   1055 root      20   0  469436  14160  11600 S   0.0   0.4   0:00.35 udisksd
   1080 syslog    20   0  222564   6144   4480 S   0.0   0.2   0:00.22 rsyslogd
   1090 avahi     20   0    8476   1292   1024 S   0.0   0.0   0:00.00 avahi-d+
   1108 root      20   0  345056  19252  16436 S   0.0   0.5   0:00.81 Network+
   1114 root      20   0   17376   6272   5504 S   0.0   0.2   0:00.08 wpa_sup+
   1166 root      20   0  392092  12664  10616 S   0.0   0.3   0:00.12 ModemMa+
   1426 root       0 -20       0      0      0 I   0.0   0.0   0:00.00 kworker+
   1580 root      20   0   46904  11904   9856 S   0.0   0.3   0:00.05 cupsd
   1589 root      20   0  120904  22784  13440 S   0.0   0.6   0:00.07 unatten+
   1606 lp        20   0   16836   6656   5888 S   0.0   0.2   0:00.00 dbus
   1607 lp        20   0   16836   6784   5888 S   0.0   0.2   0:00.00 dbus
   1608 lp        20   0   16836   6528   5760 S   0.0   0.2   0:00.00 dbus
   1611 lp        20   0   16836   6528   5760 S   0.0   0.2   0:00.00 dbus
   1612 lp        20   0   16836   6784   5888 S   0.0   0.2   0:00.00 dbus
   1614 cups-br+  20   0  268392  19968  17024 S   0.0   0.5   0:00.07 cups-br+
   1623 kernoops  20   0   12744   2184   1792 S   0.0   0.1   0:00.00 kernelo+
   1626 root      20   0  323488   9088   8192 S   0.0   0.2   0:00.06 gdm3
   1628 kernoops  20   0   12744   2204   1792 S   0.0   0.1   0:00.00 kernelo+
   1648 root      -2   0       0      0      0 S   0.0   0.0   0:00.00 psimon
   1684 rtkit     21   1   88476   3328   3072 S   0.0   0.1   0:00.17 rtkit-d+
   1804 colord    20   0  328728  14776  10096 S   0.0   0.4   0:00.24 colord
   1849 root      20   0  325356   8960   7552 S   0.0   0.2   0:00.11 upowerd
   2188 root      20   0  398716  10880   9344 S   0.0   0.3   0:00.07 gdm-ses+
   2201 aisha     20   0   21156  12592   9600 S   0.0   0.3   0:01.35 systemd
   2203 aisha     20   0   21456   3520   1792 S   0.0   0.1   0:00.00 (sd-pam)
   2214 aisha     20   0  124632  15144   8968 S   0.0   0.4   0:24.82 pipewire
   2215 aisha     20   0  106404   5888   5120 S   0.0   0.1   0:00.02 pipewire
   2220 aisha     20   0  415424  18560  13696 S   0.0   0.5   0:01.03 wireplu+
   2224 aisha     20   0  133560  18688   9476 S   0.0   0.5   0:01.30 pipewir+
   2226 aisha     20   0   11124   6912   4608 S   0.0   0.2   0:01.94 dbus-da+
   2227 aisha     20   0  325176  10240   9216 S   0.0   0.3   0:00.14 gnome-k+
   2245 aisha     20   0  618960   7424   6784 S   0.0   0.2   0:00.11 xdg-doc+
   2260 aisha     20   0  317976   6272   5760 S   0.0   0.2   0:00.03 xdg-per+
   2272 root      20   0    2704   1792   1792 S   0.0   0.0   0:00.00 fusermo+
   2291 aisha     20   0  244336   6016   5632 S   0.0   0.2   0:00.00 gdm-way+
   2297 aisha     20   0  306876  16384  14592 S   0.0   0.4   0:00.05 gnome-s+
   2350 aisha     20   0  162652   6912   6272 S   0.0   0.2   0:00.02 gcr-ssh+
   2356 aisha     20   0  100216   5504   5120 S   0.0   0.1   0:00.01 gnome-s+
   2370 aisha     20   0  322928   8064   7296 S   0.0   0.2   0:00.15 gvfsd
   2380 aisha     20   0  468380   7168   6400 S   0.0   0.2   0:00.00 gvfsd-f+
   2387 aisha     20   0  742128  18432  15744 S   0.0   0.5   0:00.41 gnome-s+
   2441 aisha     20   0  382940   7808   7040 S   0.0   0.2   0:00.01 at-spi-+
   2453 aisha     20   0    9608   5120   4608 S   0.0   0.1   0:00.87 dbus-da+
   2498 aisha     20   0  236068   7424   6784 S   0.0   0.2   0:00.05 at-spi2+
   2512 aisha     20   0  654776  17664  15232 S   0.0   0.4   0:00.16 gnome-s+
   2535 aisha     20   0 1271860  43136  34816 S   0.0   1.1   0:00.40 evoluti+
   2538 aisha     20   0 2745012  26936  22144 S   0.0   0.7   0:00.16 gjs
   2544 aisha     20   0  397508  12384   7040 S   0.0   0.3   0:07.85 ibus-da+
   2549 aisha     20   0  392188   6656   6144 S   0.0   0.2   0:00.08 gsd-a11+
   2550 aisha     20   0  421628  20520  17704 S   0.0   0.5   0:00.26 gsd-col+
   2551 aisha     20   0  440340  12032  10752 S   0.0   0.3   0:00.08 gsd-dat+
   2553 aisha     20   0  244736  77236  55972 S   0.0   1.9   0:02.25 Xwayland
   2554 aisha     20   0  467540   7936   7168 S   0.0   0.2   0:00.21 gsd-hou+
   2557 aisha     20   0  494164  19776  16960 S   0.0   0.5   0:00.20 gsd-key+
   2558 aisha     20   0  676464  25456  21744 S   0.0   0.6   0:00.38 gsd-med+
   2560 aisha     20   0  532196  24256  20416 S   0.0   0.6   0:00.34 gsd-pow+
   2562 aisha     20   0  332312  11136   9856 S   0.0   0.3   0:00.09 gsd-pri+
   2564 aisha     20   0  539752   6656   6144 S   0.0   0.2   0:00.08 gsd-rfk+
   2575 aisha     20   0  318228   6144   5632 S   0.0   0.2   0:00.08 gsd-scr+
   2577 aisha     20   0  551864  11520  10112 S   0.0   0.3   0:00.11 gsd-sha+
   2578 aisha     20   0  394488   8192   7296 S   0.0   0.2   0:00.09 gsd-sma+
   2580 aisha     20   0  402308   9728   8704 S   0.0   0.2   0:00.10 gsd-sou+
   2584 aisha     20   0  495136  20640  17312 S   0.0   0.5   0:00.23 gsd-wac+
   2593 aisha     20   0  896652  60224  46528 S   0.0   1.5   0:00.52 evoluti+
   2600 aisha     20   0  305624   7296   6144 S   0.0   0.2   0:00.04 gsd-dis+
   2613 aisha     20   0  223068  38092  30268 S   0.0   1.0   0:22.39 vmtoolsd
   2678 aisha     20   0  471716  10752   9088 S   0.0   0.3   0:00.17 gvfs-ud+
   2733 aisha     20   0   39128  11776  10368 S   0.0   0.3   0:00.12 snapd-d+
   2744 aisha     20   0  424872  14976  13056 S   0.0   0.4   0:00.04 gsd-pri+
   2754 aisha     20   0  245316   7040   6528 S   0.0   0.2   0:00.01 ibus-me+
   2757 aisha     20   0  430136  29636  18392 S   0.0   0.7   0:04.11 ibus-ex+
   2772 aisha     20   0  319096   7168   6656 S   0.0   0.2   0:00.07 ibus-po+
   2824 aisha     20   0  555324  24192  20608 S   0.0   0.6   0:00.06 goa-dae+
   2862 aisha     20   0  318460   6528   6016 S   0.0   0.2   0:00.04 gvfs-mt+
   2886 aisha     20   0  899400  24576  21248 S   0.0   0.6   0:00.19 evoluti+
   2888 aisha     20   0  397796   9216   8192 S   0.0   0.2   0:00.04 goa-ide+
   2896 aisha     20   0  398044   8064   7040 S   0.0   0.2   0:00.55 gvfs-af+
   2908 aisha     20   0  429608  30740  22016 S   0.0   0.8   0:00.35 snapd-d+
   2911 aisha     20   0  318440   6400   5888 S   0.0   0.2   0:00.05 gvfs-go+
   2917 aisha     20   0  319428   6784   6144 S   0.0   0.2   0:00.04 gvfs-gp+
   2940 aisha     20   0  760368  29952  26112 S   0.0   0.8   0:00.17 evoluti+
   2974 aisha     20   0  245440   7296   6528 S   0.0   0.2   0:02.25 ibus-en+
   2995 aisha     20   0  230228   5760   5248 S   0.0   0.1   0:00.07 dconf-s+
   3014 aisha     20   0  245008   6528   6016 S   0.0   0.2   0:00.09 gvfsd-m+
   3015 aisha     20   0  544380   8960   7680 S   0.0   0.2   0:00.11 gvfsd-t+
   3048 aisha     20   0  562812  14832  12020 S   0.0   0.4   0:00.51 xdg-des+
   3073 aisha     39  19  745652  26884  18564 S   0.0   0.7   0:00.60 tracker+
   3075 aisha     20   0  565068  40728  30744 S   0.0   1.0   0:00.70 xdg-des+
   3085 aisha     20   0 2736812  27280  22144 S   0.0   0.7   0:00.17 gjs
   3166 aisha     20   0  638872  74780  60536 S   0.0   1.9   0:00.26 gsd-xse+
   3192 aisha     20   0  426436  26348  19564 S   0.0   0.7   0:00.22 xdg-des+
   3214 aisha     20   0  275784  24672  17816 S   0.0   0.6   0:00.12 ibus-x11
   3220 aisha     20   0  718916  81144  65928 S   0.0   2.0   0:01.53 mutter-+
   3306 aisha     20   0  709964  58992  43912 S   0.0   1.5   0:26.39 gnome-t+
   3314 aisha     20   0   21096   6528   3840 S   0.0   0.2   0:00.27 bash
   3367 aisha     20   0  500892  28640  21728 S   0.0   0.7   0:00.56 update-+
   3464 root      20   0       0      0      0 I   0.0   0.0   0:00.67 kworker+
   3506 aisha     20   0 2974064 348692 156664 S   0.0   8.8   1:02.32 firefox
   3629 aisha     20   0  208024  49024  40704 S   0.0   1.2   0:00.31 Socket +
   3654 aisha     20   0 2424124  92452  73028 S   0.0   2.3   0:02.89 WebExte+
   3679 aisha     20   0 2444780 120140  85256 S   0.0   3.0   0:04.15 Privile+
   3725 aisha     20   0 1761880  20292  13824 S   0.0   0.5   0:00.32 snap
   4203 aisha     20   0  206816  45568  37248 S   0.0   1.2   0:00.33 Utility+
   4206 aisha     20   0 1469800 184980 100824 S   0.0   4.7   0:16.68 nautilus
   4229 aisha     20   0 2582868 174356  95576 S   0.0   4.4   0:18.81 Isolate+
   4231 aisha     20   0 2389696  72544  60384 S   0.0   1.8   0:01.59 Web Con+
   4248 aisha     20   0  323168   8448   7552 S   0.0   0.2   0:00.05 gvfsd-r+
   4382 aisha     20   0 2390820  72576  60544 S   0.0   1.8   0:01.42 Web Con+
   4416 aisha     20   0 2390820  72576  60544 S   0.0   1.8   0:01.30 Web Con+
   4568 aisha     20   0  470980   8960   7808 S   0.0   0.2   0:00.11 gvfsd-n+
   4590 aisha     20   0  399216   9088   8064 S   0.0   0.2   0:00.08 gvfsd-d+
   4641 root      20   0       0      0      0 I   0.0   0.0   0:04.94 kworker+
   4877 root      20   0       0      0      0 I   0.0   0.0   0:01.92 kworker+
   5020 root       0 -20       0      0      0 I   0.0   0.0   0:00.00 kworker+
   5164 root       0 -20       0      0      0 I   0.0   0.0   0:00.00 kworker+
   5208 root      20   0  596168 144604  34596 S   0.0   3.7   0:01.56 fwupd
   5271 root      20   0       0      0      0 I   0.0   0.0   0:00.29 kworker+
   5287 root       0 -20       0      0      0 I   0.0   0.0   0:00.00 kworker+
   5332 root      20   0       0      0      0 I   0.0   0.0   0:00.05 kworker+
   5354 root      20   0       0      0      0 I   0.0   0.0   0:00.60 kworker+
   5362 root       0 -20       0      0      0 I   0.0   0.0   0:00.17 kworker+
   5400 root       0 -20       0      0      0 I   0.0   0.0   0:00.00 kworker+
   5461 root      20   0       0      0      0 I   0.0   0.0   0:00.54 kworker+
   5536 root      20   0       0      0      0 I   0.0   0.0   0:00.04 kworker+
   5557 root      20   0       0      0      0 I   0.0   0.0   0:00.15 kworker+
   5565 root       0 -20       0      0      0 I   0.0   0.0   0:00.00 kworker+
   5581 root      20   0       0      0      0 I   0.0   0.0   0:00.14 kworker+
   5585 root      20   0       0      0      0 I   0.0   0.0   0:00.02 kworker+
   5624 aisha     20   0 3310904  62580  47556 S   0.0   1.6   0:01.09 gjs
   5649 root       0 -20       0      0      0 I   0.0   0.0   0:00.00 kworker+
   5684 root       0 -20       0      0      0 I   0.0   0.0   0:00.00 kworker+
   5712 root      20   0       0      0      0 I   0.0   0.0   0:00.06 kworker+
   5733 root       0 -20       0      0      0 I   0.0   0.0   0:00.00 kworker+
   5739 root      20   0       0      0      0 I   0.0   0.0   0:00.01 kworker+
   5740 root      20   0       0      0      0 I   0.0   0.0   0:00.00 kworker+
   5746 aisha     20   0   18608   3584   3328 S   0.0   0.1   0:00.00 Clienti+
aisha       3506  1.8  8.8 2974064 348692 ?      Sl   19:27   1:02 /snap/firefox/4793/usr/lib/firefox/firefox
aisha       2440  6.9  7.1 3897660 282656 ?      Ssl  19:13   4:55 /usr/bin/gnome-shell
aisha       4515  4.1  4.6 1470560 186124 ?      Sl   19:31   2:12 /usr/bin/gnome-text-editor /home/aisha/OS-Project old/scripts/Clientinfo.sh
aisha       4206  0.4  4.6 1469800 184980 ?      Sl   19:27   0:16 /usr/bin/nautilus --gapplication-service
aisha       4229  0.5  4.4 2582868 174356 ?      Sl   19:27   0:18 /snap/firefox/4793/usr/lib/firefox/firefox -contentproc -childID 4 -isForBrowser -prefsLen 31313 -prefMapSize 252411 -jsInitLen 234852 -parentBuildID 20240819223648 -greomni /snap/firefox/4793/usr/lib/firefox/omni.ja -appomni /snap/firefox/4793/usr/lib/firefox/browser/omni.ja -appDir /snap/firefox/4793/usr/lib/firefox/browser {dd771020-f43d-4a06-a397-d4a37618619b} 3506 true tab
systemd-+-ModemManager---3*[{ModemManager}]
        |-NetworkManager---3*[{NetworkManager}]
        |-VGAuthService
        |-accounts-daemon---3*[{accounts-daemon}]
        |-avahi-daemon---avahi-daemon
        |-colord---3*[{colord}]
        |-cron
        |-cups-browsed---3*[{cups-browsed}]
        |-cupsd---5*[dbus]
        |-dbus-daemon
        |-gdm3-+-gdm-session-wor-+-gdm-wayland-ses-+-gnome-session-b---3*[{gnome-session-b}]
        |      |                 |                 `-3*[{gdm-wayland-ses}]
        |      |                 `-3*[{gdm-session-wor}]
        |      `-3*[{gdm3}]
        |-gnome-remote-de---3*[{gnome-remote-de}]
        |-2*[kerneloops]
        |-polkitd---3*[{polkitd}]
        |-power-profiles----3*[{power-profiles-}]
        |-rsyslogd---3*[{rsyslogd}]
        |-rtkit-daemon---2*[{rtkit-daemon}]
        |-snapd---8*[{snapd}]
        |-switcheroo-cont---3*[{switcheroo-cont}]
        |-systemd-+-(sd-pam)
        |         |-at-spi2-registr---3*[{at-spi2-registr}]
        |         |-dbus-daemon
        |         |-dconf-service---3*[{dconf-service}]
        |         |-evolution-addre---6*[{evolution-addre}]
        |         |-evolution-calen---9*[{evolution-calen}]
        |         |-evolution-sourc---4*[{evolution-sourc}]
        |         |-gcr-ssh-agent---2*[{gcr-ssh-agent}]
        |         |-2*[gjs---11*[{gjs}]]
        |         |-gnome-keyring-d---4*[{gnome-keyring-d}]
        |         |-gnome-session-b-+-at-spi-bus-laun-+-dbus-daemon
        |         |                 |                 `-4*[{at-spi-bus-laun}]
        |         |                 |-evolution-alarm---7*[{evolution-alarm}]
        |         |                 |-gsd-disk-utilit---3*[{gsd-disk-utilit}]
        |         |                 |-update-notifier---5*[{update-notifier}]
        |         |                 `-4*[{gnome-session-b}]
        |         |-gnome-session-c---{gnome-session-c}
        |         |-gnome-shell-+-Xwayland
        |         |             |-gjs---14*[{gjs}]
        |         |             |-mutter-x11-fram---5*[{mutter-x11-fram}]
        |         |             `-17*[{gnome-shell}]
        |         |-gnome-shell-cal---6*[{gnome-shell-cal}]
        |         |-gnome-terminal--+-bash---Clientinfo.sh---sleep
        |         |                 |-bash---Clientinfo.sh---pstree
        |         |                 `-6*[{gnome-terminal-}]
        |         |-goa-daemon---4*[{goa-daemon}]
        |         |-goa-identity-se---3*[{goa-identity-se}]
        |         |-gsd-a11y-settin---4*[{gsd-a11y-settin}]
        |         |-gsd-color---4*[{gsd-color}]
        |         |-gsd-datetime---4*[{gsd-datetime}]
        |         |-gsd-housekeepin---4*[{gsd-housekeepin}]
        |         |-gsd-keyboard---4*[{gsd-keyboard}]
        |         |-gsd-media-keys---4*[{gsd-media-keys}]
        |         |-gsd-power---4*[{gsd-power}]
        |         |-gsd-print-notif---3*[{gsd-print-notif}]
        |         |-gsd-printer---3*[{gsd-printer}]
        |         |-gsd-rfkill---3*[{gsd-rfkill}]
        |         |-gsd-screensaver---3*[{gsd-screensaver}]
        |         |-gsd-sharing---4*[{gsd-sharing}]
        |         |-gsd-smartcard---4*[{gsd-smartcard}]
        |         |-gsd-sound---4*[{gsd-sound}]
        |         |-gsd-wacom---4*[{gsd-wacom}]
        |         |-gsd-xsettings---4*[{gsd-xsettings}]
        |         |-gvfs-afc-volume---4*[{gvfs-afc-volume}]
        |         |-gvfs-goa-volume---3*[{gvfs-goa-volume}]
        |         |-gvfs-gphoto2-vo---3*[{gvfs-gphoto2-vo}]
        |         |-gvfs-mtp-volume---3*[{gvfs-mtp-volume}]
        |         |-gvfs-udisks2-vo---4*[{gvfs-udisks2-vo}]
        |         |-gvfsd-+-gvfsd-recent---3*[{gvfsd-recent}]
        |         |       |-gvfsd-trash---4*[{gvfsd-trash}]
        |         |       `-3*[{gvfsd}]
        |         |-gvfsd-fuse---7*[{gvfsd-fuse}]
        |         |-gvfsd-metadata---3*[{gvfsd-metadata}]
        |         |-ibus-daemon-+-ibus-engine-sim---3*[{ibus-engine-sim}]
        |         |             |-ibus-extension----4*[{ibus-extension-}]
        |         |             |-ibus-memconf---3*[{ibus-memconf}]
        |         |             `-3*[{ibus-daemon}]
        |         |-ibus-portal---3*[{ibus-portal}]
        |         |-ibus-x11---3*[{ibus-x11}]
        |         |-nautilus---6*[{nautilus}]
        |         |-2*[pipewire---2*[{pipewire}]]
        |         |-pipewire-pulse---2*[{pipewire-pulse}]
        |         |-snapd-desktop-i---snapd-desktop-i---4*[{snapd-desktop-i}]
        |         |-tracker-miner-f---7*[{tracker-miner-f}]
        |         |-vmtoolsd---2*[{vmtoolsd}]
        |         |-wireplumber---5*[{wireplumber}]
        |         |-xdg-desktop-por---6*[{xdg-desktop-por}]
        |         |-xdg-desktop-por---5*[{xdg-desktop-por}]
        |         |-xdg-desktop-por---4*[{xdg-desktop-por}]
        |         |-xdg-document-po-+-fusermount3
        |         |                 `-6*[{xdg-document-po}]
        |         `-xdg-permission----3*[{xdg-permission-}]
        |-systemd-journal
        |-systemd-logind
        |-systemd-oomd
        |-systemd-resolve
        |-systemd-timesyn---{systemd-timesyn}
        |-systemd-udevd
        |-udisksd---5*[{udisksd}]
        |-unattended-upgr---{unattended-upgr}
        |-upowerd---3*[{upowerd}]
        |-vmtoolsd---3*[{vmtoolsd}]
        |-vmware-vmblock----3*[{vmware-vmblock-}]
        `-wpa_supplicant
top - 23:02:06 up 7 min,  1 user,  load average: 0.04, 0.25, 0.17
Tasks: 322 total,   1 running, 319 sleeping,   2 stopped,   0 zombie
%Cpu(s):  4.5 us,  0.0 sy,  0.0 ni, 95.5 id,  0.0 wa,  0.0 hi,  0.0 si,  0.0 st 
MiB Mem :   3868.2 total,   1259.6 free,   1330.5 used,   1596.2 buff/cache     
MiB Swap:   3868.0 total,   3868.0 free,      0.0 used.   2537.7 avail Mem 

    PID USER      PR  NI    VIRT    RES    SHR S  %CPU  %MEM     TIME+ COMMAND
   3757 aisha     20   0   23168   5376   3328 R   9.1   0.1   0:00.01 top
      1 root      20   0   23208  14144   9408 S   0.0   0.4   0:02.17 systemd
      2 root      20   0       0      0      0 S   0.0   0.0   0:00.02 kthreadd
      3 root      20   0       0      0      0 S   0.0   0.0   0:00.00 pool_wo+
      4 root       0 -20       0      0      0 I   0.0   0.0   0:00.00 kworker+
      5 root       0 -20       0      0      0 I   0.0   0.0   0:00.00 kworker+
      6 root       0 -20       0      0      0 I   0.0   0.0   0:00.00 kworker+
      7 root       0 -20       0      0      0 I   0.0   0.0   0:00.00 kworker+
      9 root       0 -20       0      0      0 I   0.0   0.0   0:00.00 kworker+
     10 root      20   0       0      0      0 I   0.0   0.0   0:00.40 kworker+
     11 root      20   0       0      0      0 I   0.0   0.0   0:00.01 kworker+
     12 root       0 -20       0      0      0 I   0.0   0.0   0:00.00 kworker+
     13 root      20   0       0      0      0 I   0.0   0.0   0:00.00 rcu_tas+
     14 root      20   0       0      0      0 I   0.0   0.0   0:00.00 rcu_tas+
     15 root      20   0       0      0      0 I   0.0   0.0   0:00.00 rcu_tas+
     16 root      20   0       0      0      0 S   0.0   0.0   0:00.15 ksoftir+
     17 root      20   0       0      0      0 I   0.0   0.0   0:00.30 rcu_pre+
     18 root      rt   0       0      0      0 S   0.0   0.0   0:00.00 migrati+
     19 root     -51   0       0      0      0 S   0.0   0.0   0:00.00 idle_in+
     20 root      20   0       0      0      0 S   0.0   0.0   0:00.00 cpuhp/0
     21 root      20   0       0      0      0 S   0.0   0.0   0:00.00 cpuhp/1
     22 root     -51   0       0      0      0 S   0.0   0.0   0:00.00 idle_in+
     23 root      rt   0       0      0      0 S   0.0   0.0   0:00.45 migrati+
     24 root      20   0       0      0      0 S   0.0   0.0   0:00.08 ksoftir+
     25 root      20   0       0      0      0 I   0.0   0.0   0:00.25 kworker+
     26 root       0 -20       0      0      0 I   0.0   0.0   0:00.79 kworker+
     29 root      20   0       0      0      0 S   0.0   0.0   0:00.00 kdevtmp+
     30 root       0 -20       0      0      0 I   0.0   0.0   0:00.00 kworker+
     32 root      20   0       0      0      0 S   0.0   0.0   0:00.00 kauditd
     34 root      20   0       0      0      0 S   0.0   0.0   0:00.00 khungta+
     35 root      20   0       0      0      0 S   0.0   0.0   0:00.00 oom_rea+
     36 root      20   0       0      0      0 I   0.0   0.0   0:00.09 kworker+
     37 root       0 -20       0      0      0 I   0.0   0.0   0:00.00 kworker+
     38 root      20   0       0      0      0 S   0.0   0.0   0:00.02 kcompac+
     39 root      25   5       0      0      0 S   0.0   0.0   0:00.00 ksmd
     40 root      20   0       0      0      0 I   0.0   0.0   0:00.17 kworker+
     42 root      39  19       0      0      0 S   0.0   0.0   0:00.00 khugepa+
     43 root       0 -20       0      0      0 I   0.0   0.0   0:00.00 kworker+
     44 root       0 -20       0      0      0 I   0.0   0.0   0:00.00 kworker+
     45 root       0 -20       0      0      0 I   0.0   0.0   0:00.00 kworker+
     46 root     -51   0       0      0      0 S   0.0   0.0   0:00.00 irq/9-a+
     47 root       0 -20       0      0      0 I   0.0   0.0   0:00.00 kworker+
     48 root       0 -20       0      0      0 I   0.0   0.0   0:00.00 kworker+
     49 root       0 -20       0      0      0 I   0.0   0.0   0:00.00 kworker+
     50 root       0 -20       0      0      0 I   0.0   0.0   0:00.00 kworker+
     51 root       0 -20       0      0      0 I   0.0   0.0   0:00.00 kworker+
     52 root       0 -20       0      0      0 I   0.0   0.0   0:00.00 kworker+
     53 root     -51   0       0      0      0 S   0.0   0.0   0:00.00 watchdo+
     54 root       0 -20       0      0      0 I   0.0   0.0   0:00.08 kworker+
     55 root      20   0       0      0      0 S   0.0   0.0   0:00.00 kswapd0
     56 root      20   0       0      0      0 S   0.0   0.0   0:00.00 ecryptf+
     57 root       0 -20       0      0      0 I   0.0   0.0   0:00.00 kworker+
     58 root     -51   0       0      0      0 S   0.0   0.0   0:00.00 irq/24-+
     59 root     -51   0       0      0      0 S   0.0   0.0   0:00.00 irq/25-+
     60 root     -51   0       0      0      0 S   0.0   0.0   0:00.00 irq/26-+
     61 root     -51   0       0      0      0 S   0.0   0.0   0:00.00 irq/27-+
     62 root     -51   0       0      0      0 S   0.0   0.0   0:00.00 irq/28-+
     63 root     -51   0       0      0      0 S   0.0   0.0   0:00.00 irq/29-+
     64 root     -51   0       0      0      0 S   0.0   0.0   0:00.00 irq/30-+
     65 root     -51   0       0      0      0 S   0.0   0.0   0:00.00 irq/31-+
     66 root     -51   0       0      0      0 S   0.0   0.0   0:00.00 irq/32-+
     67 root     -51   0       0      0      0 S   0.0   0.0   0:00.00 irq/33-+
     68 root     -51   0       0      0      0 S   0.0   0.0   0:00.00 irq/34-+
     69 root     -51   0       0      0      0 S   0.0   0.0   0:00.00 irq/35-+
     70 root     -51   0       0      0      0 S   0.0   0.0   0:00.00 irq/36-+
     71 root     -51   0       0      0      0 S   0.0   0.0   0:00.00 irq/37-+
     72 root     -51   0       0      0      0 S   0.0   0.0   0:00.00 irq/38-+
     73 root     -51   0       0      0      0 S   0.0   0.0   0:00.00 irq/39-+
     74 root     -51   0       0      0      0 S   0.0   0.0   0:00.00 irq/40-+
     75 root     -51   0       0      0      0 S   0.0   0.0   0:00.00 irq/41-+
     76 root     -51   0       0      0      0 S   0.0   0.0   0:00.00 irq/42-+
     77 root     -51   0       0      0      0 S   0.0   0.0   0:00.00 irq/43-+
     78 root     -51   0       0      0      0 S   0.0   0.0   0:00.00 irq/44-+
     79 root     -51   0       0      0      0 S   0.0   0.0   0:00.00 irq/45-+
     80 root     -51   0       0      0      0 S   0.0   0.0   0:00.00 irq/46-+
     81 root     -51   0       0      0      0 S   0.0   0.0   0:00.00 irq/47-+
     82 root     -51   0       0      0      0 S   0.0   0.0   0:00.00 irq/48-+
     83 root     -51   0       0      0      0 S   0.0   0.0   0:00.00 irq/49-+
     84 root     -51   0       0      0      0 S   0.0   0.0   0:00.00 irq/50-+
     85 root     -51   0       0      0      0 S   0.0   0.0   0:00.00 irq/51-+
     86 root     -51   0       0      0      0 S   0.0   0.0   0:00.00 irq/52-+
     87 root     -51   0       0      0      0 S   0.0   0.0   0:00.00 irq/53-+
     88 root     -51   0       0      0      0 S   0.0   0.0   0:00.00 irq/54-+
     89 root     -51   0       0      0      0 S   0.0   0.0   0:00.00 irq/55-+
     90 root       0 -20       0      0      0 I   0.0   0.0   0:00.00 kworker+
     91 root      20   0       0      0      0 S   0.0   0.0   0:00.01 scsi_eh+
     92 root       0 -20       0      0      0 I   0.0   0.0   0:00.00 kworker+
     93 root      20   0       0      0      0 S   0.0   0.0   0:00.01 scsi_eh+
     94 root       0 -20       0      0      0 I   0.0   0.0   0:00.00 kworker+
     98 root       0 -20       0      0      0 I   0.0   0.0   0:00.00 kworker+
     99 root       0 -20       0      0      0 I   0.0   0.0   0:00.28 kworker+
    100 root       0 -20       0      0      0 I   0.0   0.0   0:00.00 kworker+
    107 root       0 -20       0      0      0 I   0.0   0.0   0:00.00 kworker+
    109 root       0 -20       0      0      0 I   0.0   0.0   0:00.00 kworker+
    110 root       0 -20       0      0      0 I   0.0   0.0   0:00.00 kworker+
    111 root       0 -20       0      0      0 I   0.0   0.0   0:00.00 kworker+
    124 root       0 -20       0      0      0 I   0.0   0.0   0:00.00 kworker+
    125 root      20   0       0      0      0 I   0.0   0.0   0:00.17 kworker+
    173 root       0 -20       0      0      0 I   0.0   0.0   0:00.00 kworker+
    174 root       0 -20       0      0      0 I   0.0   0.0   0:00.00 kworker+
    185 root      20   0       0      0      0 S   0.0   0.0   0:00.00 scsi_eh+
    186 root       0 -20       0      0      0 I   0.0   0.0   0:00.00 kworker+
    187 root      20   0       0      0      0 S   0.0   0.0   0:00.00 scsi_eh+
    188 root       0 -20       0      0      0 I   0.0   0.0   0:00.00 kworker+
    189 root      20   0       0      0      0 S   0.0   0.0   0:00.00 scsi_eh+
    190 root      20   0       0      0      0 S   0.0   0.0   0:00.00 scsi_eh+
    191 root       0 -20       0      0      0 I   0.0   0.0   0:00.00 kworker+
    192 root      20   0       0      0      0 S   0.0   0.0   0:00.00 scsi_eh+
    193 root       0 -20       0      0      0 I   0.0   0.0   0:00.00 kworker+
    194 root       0 -20       0      0      0 I   0.0   0.0   0:00.00 kworker+
    195 root      20   0       0      0      0 S   0.0   0.0   0:00.00 scsi_eh+
    196 root       0 -20       0      0      0 I   0.0   0.0   0:00.00 kworker+
    197 root      20   0       0      0      0 S   0.0   0.0   0:00.00 scsi_eh+
    198 root       0 -20       0      0      0 I   0.0   0.0   0:00.00 kworker+
    199 root      20   0       0      0      0 S   0.0   0.0   0:00.00 scsi_eh+
    200 root       0 -20       0      0      0 I   0.0   0.0   0:00.00 kworker+
    201 root      20   0       0      0      0 S   0.0   0.0   0:00.00 scsi_eh+
    202 root       0 -20       0      0      0 I   0.0   0.0   0:00.00 kworker+
    203 root      20   0       0      0      0 S   0.0   0.0   0:00.00 scsi_eh+
    204 root       0 -20       0      0      0 I   0.0   0.0   0:00.00 kworker+
    205 root      20   0       0      0      0 S   0.0   0.0   0:00.00 scsi_eh+
    206 root       0 -20       0      0      0 I   0.0   0.0   0:00.00 kworker+
    207 root      20   0       0      0      0 S   0.0   0.0   0:00.00 scsi_eh+
    208 root       0 -20       0      0      0 I   0.0   0.0   0:00.00 kworker+
    209 root      20   0       0      0      0 S   0.0   0.0   0:00.00 scsi_eh+
    210 root       0 -20       0      0      0 I   0.0   0.0   0:00.00 kworker+
    211 root      20   0       0      0      0 S   0.0   0.0   0:00.00 scsi_eh+
    212 root       0 -20       0      0      0 I   0.0   0.0   0:00.00 kworker+
    213 root      20   0       0      0      0 S   0.0   0.0   0:00.00 scsi_eh+
    214 root       0 -20       0      0      0 I   0.0   0.0   0:00.00 kworker+
    215 root      20   0       0      0      0 S   0.0   0.0   0:00.00 scsi_eh+
    216 root       0 -20       0      0      0 I   0.0   0.0   0:00.00 kworker+
    217 root      20   0       0      0      0 S   0.0   0.0   0:00.00 scsi_eh+
    218 root       0 -20       0      0      0 I   0.0   0.0   0:00.00 kworker+
    219 root      20   0       0      0      0 S   0.0   0.0   0:00.00 scsi_eh+
    220 root       0 -20       0      0      0 I   0.0   0.0   0:00.00 kworker+
    221 root      20   0       0      0      0 S   0.0   0.0   0:00.00 scsi_eh+
    222 root       0 -20       0      0      0 I   0.0   0.0   0:00.00 kworker+
    223 root      20   0       0      0      0 S   0.0   0.0   0:00.00 scsi_eh+
    224 root       0 -20       0      0      0 I   0.0   0.0   0:00.00 kworker+
    225 root      20   0       0      0      0 S   0.0   0.0   0:00.00 scsi_eh+
    226 root       0 -20       0      0      0 I   0.0   0.0   0:00.00 kworker+
    227 root      20   0       0      0      0 S   0.0   0.0   0:00.00 scsi_eh+
    228 root       0 -20       0      0      0 I   0.0   0.0   0:00.00 kworker+
    229 root      20   0       0      0      0 S   0.0   0.0   0:00.00 scsi_eh+
    230 root       0 -20       0      0      0 I   0.0   0.0   0:00.00 kworker+
    231 root      20   0       0      0      0 S   0.0   0.0   0:00.00 scsi_eh+
    232 root       0 -20       0      0      0 I   0.0   0.0   0:00.00 kworker+
    233 root      20   0       0      0      0 S   0.0   0.0   0:00.00 scsi_eh+
    234 root       0 -20       0      0      0 I   0.0   0.0   0:00.00 kworker+
    235 root      20   0       0      0      0 S   0.0   0.0   0:00.00 scsi_eh+
    236 root       0 -20       0      0      0 I   0.0   0.0   0:00.00 kworker+
    237 root      20   0       0      0      0 S   0.0   0.0   0:00.00 scsi_eh+
    238 root       0 -20       0      0      0 I   0.0   0.0   0:00.00 kworker+
    239 root      20   0       0      0      0 S   0.0   0.0   0:00.00 scsi_eh+
    240 root       0 -20       0      0      0 I   0.0   0.0   0:00.00 kworker+
    241 root      20   0       0      0      0 S   0.0   0.0   0:00.00 scsi_eh+
    242 root       0 -20       0      0      0 I   0.0   0.0   0:00.00 kworker+
    243 root      20   0       0      0      0 S   0.0   0.0   0:00.00 scsi_eh+
    244 root       0 -20       0      0      0 I   0.0   0.0   0:00.00 kworker+
    245 root      20   0       0      0      0 S   0.0   0.0   0:00.00 scsi_eh+
    246 root       0 -20       0      0      0 I   0.0   0.0   0:00.00 kworker+
    265 root      20   0       0      0      0 I   0.0   0.0   0:00.08 kworker+
    266 root      20   0       0      0      0 I   0.0   0.0   0:00.16 kworker+
    268 root      20   0       0      0      0 I   0.0   0.0   0:00.94 kworker+
    270 root      20   0       0      0      0 I   0.0   0.0   0:00.01 kworker+
    278 root      20   0       0      0      0 I   0.0   0.0   0:00.21 kworker+
    317 root      20   0       0      0      0 S   0.0   0.0   0:00.09 jbd2/sd+
    318 root       0 -20       0      0      0 I   0.0   0.0   0:00.00 kworker+
    367 root      19  -1   67220  18024  16488 S   0.0   0.5   0:00.52 systemd+
    397 root      20   0       0      0      0 I   0.0   0.0   0:00.00 kworker+
    400 root     -51   0       0      0      0 S   0.0   0.0   0:00.26 irq/16-+
    401 root       0 -20       0      0      0 I   0.0   0.0   0:00.00 kworker+
    411 root      20   0       0      0      0 I   0.0   0.0   0:00.17 kworker+
    429 root      20   0  227240   1548   1280 S   0.0   0.0   0:00.00 vmware-+
    436 root      20   0       0      0      0 I   0.0   0.0   0:00.00 kworker+
    458 root      20   0   31772   9856   4864 S   0.0   0.2   0:00.32 systemd+
    515 root      -2   0       0      0      0 S   0.0   0.0   0:00.00 psimon
    547 systemd+  20   0   17556   7552   6656 S   0.0   0.2   0:00.25 systemd+
    566 systemd+  20   0   21584  13184  10880 S   0.0   0.3   0:00.16 systemd+
    574 systemd+  20   0   91044   7808   6912 S   0.0   0.2   0:00.07 systemd+
    626 root      20   0       0      0      0 I   0.0   0.0   0:00.67 kworker+
    725 root      20   0   64732  11648  10240 S   0.0   0.3   0:00.04 VGAuthS+
    734 root      20   0  253408   9216   7808 S   0.0   0.2   0:01.10 vmtoolsd
    746 root     -51   0       0      0      0 S   0.0   0.0   0:00.01 irq/57-+
    747 root     -51   0       0      0      0 S   0.0   0.0   0:00.00 irq/58-+
    748 root     -51   0       0      0      0 S   0.0   0.0   0:00.00 irq/59-+
   1050 avahi     20   0    8664   4352   3968 S   0.0   0.1   0:00.14 avahi-d+
   1051 message+  20   0   12256   7296   4480 S   0.0   0.2   0:00.50 dbus-da+
   1070 gnome-r+  20   0  439072  16456  14024 S   0.0   0.4   0:00.08 gnome-r+
   1084 polkitd   20   0  399292  11960   8176 S   0.0   0.3   0:00.46 polkitd
   1087 root      20   0  322044   7552   6912 S   0.0   0.2   0:00.05 power-p+
   1101 root      20   0 1321036  31092  19840 S   0.0   0.8   0:01.79 snapd
   1106 root      20   0  321960   7740   6972 S   0.0   0.2   0:00.13 account+
   1107 root      20   0   18092   2688   2560 S   0.0   0.1   0:00.01 cron
   1109 root      20   0  318588   6912   6272 S   0.0   0.2   0:00.08 switche+
   1118 root      20   0   18252   8832   7808 S   0.0   0.2   0:00.14 systemd+
   1123 root      20   0  469716  14696  11752 S   0.0   0.4   0:00.17 udisksd
   1141 syslog    20   0  222564   6400   4480 S   0.0   0.2   0:00.14 rsyslogd
   1155 avahi     20   0    8476   1292   1024 S   0.0   0.0   0:00.00 avahi-d+
   1156 root      20   0  344964  19292  16348 S   0.0   0.5   0:00.21 Network+
   1157 root      20   0   17376   6272   5504 S   0.0   0.2   0:00.03 wpa_sup+
   1202 root      20   0  392092  12720  10672 S   0.0   0.3   0:00.09 ModemMa+
   1423 root       0 -20       0      0      0 I   0.0   0.0   0:00.00 kworker+
   1463 root      20   0   47912  12928  10496 S   0.0   0.3   0:00.05 cupsd
   1480 root      20   0  120904  22912  13568 S   0.0   0.6   0:00.08 unatten+
   1485 lp        20   0   16836   6784   5888 S   0.0   0.2   0:00.00 dbus
   1489 lp        20   0   16836   6784   5888 S   0.0   0.2   0:00.00 dbus
   1490 lp        20   0   16836   6784   5888 S   0.0   0.2   0:00.00 dbus
   1543 root      20   0  323492   9216   8192 S   0.0   0.2   0:00.04 gdm3
   1663 root      -2   0       0      0      0 S   0.0   0.0   0:00.00 psimon
   1712 rtkit     21   1   22940   3456   3200 S   0.0   0.1   0:00.03 rtkit-d+
   1793 root       0 -20       0      0      0 I   0.0   0.0   0:00.00 kworker+
   1794 root       0 -20       0      0      0 I   0.0   0.0   0:00.00 kworker+
   1795 root       0 -20       0      0      0 I   0.0   0.0   0:00.00 kworker+
   1796 root       0 -20       0      0      0 I   0.0   0.0   0:00.00 kworker+
   1832 colord    20   0  328728  14732  10052 S   0.0   0.4   0:00.18 colord
   1877 root      20   0  325356   8832   7424 S   0.0   0.2   0:00.09 upowerd
   2021 cups-br+  20   0  432544  21920  17664 S   0.0   0.6   0:00.20 cups-br+
   2035 kernoops  20   0   12744   2184   1792 S   0.0   0.1   0:00.00 kernelo+
   2043 kernoops  20   0   12744   2196   1792 S   0.0   0.1   0:00.00 kernelo+
   2214 lp        20   0   16836   6656   5888 S   0.0   0.2   0:00.01 dbus
   2215 lp        20   0   16836   6784   5888 S   0.0   0.2   0:00.00 dbus
   2217 root      20   0  251252  10368   8960 S   0.0   0.3   0:00.03 gdm-ses+
   2230 aisha     20   0   21252  12672   9472 S   0.0   0.3   0:00.51 systemd
   2234 aisha     20   0   21460   3600   1792 S   0.0   0.1   0:00.00 (sd-pam)
   2245 aisha      9 -11  123956  14208   8960 S   0.0   0.4   0:24.05 pipewire
   2248 aisha     20   0  106404   5888   5120 S   0.0   0.1   0:00.01 pipewire
   2257 aisha      9 -11  415488  18560  13696 S   0.0   0.5   0:00.88 wireplu+
   2259 aisha      9 -11  128316  12964   9508 S   0.0   0.3   0:00.11 pipewir+
   2262 aisha     20   0   10884   6528   4608 S   0.0   0.2   0:00.44 dbus-da+
   2263 aisha     20   0  325176  10368   9344 S   0.0   0.3   0:00.08 gnome-k+
   2301 aisha     20   0  618960   7296   6656 S   0.0   0.2   0:00.05 xdg-doc+
   2305 aisha     20   0  317976   6016   5632 S   0.0   0.2   0:00.01 xdg-per+
   2312 root      20   0    2704   1792   1792 S   0.0   0.0   0:00.00 fusermo+
   2329 aisha     20   0  244336   6016   5632 S   0.0   0.2   0:00.00 gdm-way+
   2336 aisha     20   0  306876  16640  14720 S   0.0   0.4   0:00.02 gnome-s+
   2380 aisha     20   0  162652   6784   6144 S   0.0   0.2   0:00.00 gcr-ssh+
   2381 aisha     20   0  100216   5632   5248 S   0.0   0.1   0:00.00 gnome-s+
   2401 aisha     20   0  322952   7808   7040 S   0.0   0.2   0:00.06 gvfsd
   2418 aisha     20   0  543144   7296   6528 S   0.0   0.2   0:00.00 gvfsd-f+
   2426 aisha     20   0  676600  18304  15616 S   0.0   0.5   0:00.13 gnome-s+
   2463 aisha     20   0 3866944 271616 124084 S   0.0   6.9   0:13.81 gnome-s+
   2465 aisha     20   0  382944   7808   7040 S   0.0   0.2   0:00.00 at-spi-+
   2481 aisha     20   0    9608   5120   4608 S   0.0   0.1   0:00.03 dbus-da+
   2531 aisha     20   0  236068   7424   6784 S   0.0   0.2   0:00.01 at-spi2+
   2547 aisha     20   0  654780  17536  15104 S   0.0   0.4   0:00.08 gnome-s+
   2562 aisha     20   0  230240   6016   5504 S   0.0   0.2   0:00.03 dconf-s+
   2567 aisha     20   0  665684  42752  34688 S   0.0   1.1   0:00.25 evoluti+
   2576 aisha     20   0 2613940  26896  22144 S   0.0   0.7   0:00.08 gjs
   2578 aisha     20   0  397508  12192   7040 S   0.0   0.3   0:00.66 ibus-da+
   2586 aisha     20   0  392192   6528   6016 S   0.0   0.2   0:00.03 gsd-a11+
   2587 aisha     20   0  421580  20712  17768 S   0.0   0.5   0:00.11 gsd-col+
   2589 aisha     20   0  440340  12160  10880 S   0.0   0.3   0:00.04 gsd-dat+
   2592 aisha     20   0  467544   7808   7168 S   0.0   0.2   0:00.03 gsd-hou+
   2595 aisha     20   0  494168  19972  17156 S   0.0   0.5   0:00.08 gsd-key+
   2596 aisha     20   0  602820  25324  21612 S   0.0   0.6   0:00.13 gsd-med+
   2599 aisha     20   0  605940  24512  20672 S   0.0   0.6   0:00.13 gsd-pow+
   2601 aisha     20   0  332444  11520  10112 S   0.0   0.3   0:00.04 gsd-pri+
   2602 aisha     20   0  539752   6784   6144 S   0.0   0.2   0:00.02 gsd-rfk+
   2604 aisha     20   0  318228   6144   5632 S   0.0   0.2   0:00.02 gsd-scr+
   2606 aisha     20   0  551868  11520   9984 S   0.0   0.3   0:00.02 gsd-sha+
   2609 aisha     20   0  468224   8320   7424 S   0.0   0.2   0:00.02 gsd-sma+
   2610 aisha     20   0  402312   9856   8704 S   0.0   0.2   0:00.02 gsd-sou+
   2611 aisha     20   0  495140  20740  17412 S   0.0   0.5   0:00.13 gsd-wac+
   2624 aisha     20   0  822988  60164  46596 S   0.0   1.5   0:00.34 evoluti+
   2634 aisha     20   0  305624   7424   6144 S   0.0   0.2   0:00.02 gsd-dis+
   2646 aisha     20   0  225480  40036  29848 S   0.0   1.0   0:01.11 vmtoolsd
   2703 aisha     20   0  397996  11264   9344 S   0.0   0.3   0:00.09 gvfs-ud+
   2781 aisha     20   0  424872  15104  13184 S   0.0   0.4   0:00.02 gsd-pri+
   2785 aisha     20   0  245316   7296   6656 S   0.0   0.2   0:00.00 ibus-me+
   2810 aisha     20   0  430168  29932  18616 S   0.0   0.8   0:01.45 ibus-ex+
   2833 aisha     20   0  319096   7040   6528 S   0.0   0.2   0:00.02 ibus-po+
   2862 aisha     20   0  318460   6528   6016 S   0.0   0.2   0:00.03 gvfs-mt+
   2879 aisha     20   0  555328  24192  20608 S   0.0   0.6   0:00.07 goa-dae+
   2880 aisha     20   0  398044   8064   7040 S   0.0   0.2   0:00.05 gvfs-af+
   2892 aisha     20   0  318440   6272   5760 S   0.0   0.2   0:00.01 gvfs-go+
   2897 aisha     20   0  397796   9088   8192 S   0.0   0.2   0:00.03 goa-ide+
   2903 aisha     20   0  899408  24192  20992 S   0.0   0.6   0:00.13 evoluti+
   2909 aisha     20   0  319428   6784   6144 S   0.0   0.2   0:00.01 gvfs-gp+
   2918 aisha     20   0  243832  76664  55608 S   0.0   1.9   0:00.25 Xwayland
   2938 aisha     20   0  834096  30080  26112 S   0.0   0.8   0:00.11 evoluti+
   2951 aisha     20   0   39128  11776  10368 S   0.0   0.3   0:00.09 snapd-d+
   3010 aisha     20   0  245440   7424   6784 S   0.0   0.2   0:00.16 ibus-en+
   3013 aisha     20   0  429632  30740  22016 S   0.0   0.8   0:00.23 snapd-d+
   3053 aisha     20   0  244940   6400   5888 S   0.0   0.2   0:00.00 gvfsd-m+
   3054 aisha     20   0  618112   8960   7680 S   0.0   0.2   0:00.03 gvfsd-t+
   3090 aisha     20   0  710280  14388  11724 S   0.0   0.4   0:00.11 xdg-des+
   3101 aisha     39  19  957196  31240  18720 S   0.0   0.8   0:01.02 tracker+
   3102 aisha     20   0  852400  41636  31524 S   0.0   1.1   0:00.22 xdg-des+
   3116 aisha     20   0 2745020  26924  22144 S   0.0   0.7   0:00.10 gjs
   3132 root       0 -20       0      0      0 I   0.0   0.0   0:00.00 kworker+
   3133 aisha     20   0  638896  74944  60504 S   0.0   1.9   0:00.15 gsd-xse+
   3167 aisha     20   0 3363956  66188  49052 S   0.0   1.7   0:00.94 gjs
   3218 aisha     20   0  426460  26244  19460 S   0.0   0.7   0:00.09 xdg-des+
   3226 aisha     20   0  275784  24616  17916 S   0.0   0.6   0:00.07 ibus-x11
   3232 aisha     20   0  718944  81040  65904 S   0.0   2.0   0:00.12 mutter-+
   3366 aisha     20   0  396900   8448   7552 S   0.0   0.2   0:00.00 gvfsd-r+
   3423 root       0 -20       0      0      0 I   0.0   0.0   0:00.00 kworker+
   3424 root       0 -20       0      0      0 I   0.0   0.0   0:00.00 kworker+
   3425 root       0 -20       0      0      0 I   0.0   0.0   0:00.00 kworker+
   3426 root       0 -20       0      0      0 I   0.0   0.0   0:00.00 kworker+
   3427 root       0 -20       0      0      0 I   0.0   0.0   0:00.00 kworker+
   3431 aisha     20   0  503676  31856  24304 S   0.0   0.8   0:00.12 update-+
   3508 root       0 -20       0      0      0 I   0.0   0.0   0:00.00 kworker+
   3509 root       0 -20       0      0      0 I   0.0   0.0   0:00.00 kworker+
   3510 root       0 -20       0      0      0 I   0.0   0.0   0:00.00 kworker+
   3511 root       0 -20       0      0      0 I   0.0   0.0   0:00.00 kworker+
   3514 root       0 -20       0      0      0 I   0.0   0.0   0:00.00 kworker+
   3518 root       0 -20       0      0      0 I   0.0   0.0   0:00.00 kworker+
   3519 root       0 -20       0      0      0 I   0.0   0.0   0:00.00 kworker+
   3520 root       0 -20       0      0      0 I   0.0   0.0   0:00.00 kworker+
   3521 root       0 -20       0      0      0 I   0.0   0.0   0:00.00 kworker+
   3624 aisha     20   0 1429956 153520 100440 S   0.0   3.9   0:01.98 nautilus
   3655 aisha     20   0  710040  58836  46832 S   0.0   1.5   0:00.90 gnome-t+
   3662 aisha     20   0   19932   5376   3840 S   0.0   0.1   0:00.01 bash
   3669 aisha     20   0   18608   3456   3328 T   0.0   0.1   0:00.01 Clienti+
   3701 aisha     20   0   16956   1920   1920 T   0.0   0.0   0:00.00 sleep
   3717 aisha     20   0   19932   5248   3840 S   0.0   0.1   0:00.00 bash
   3742 root       0 -20       0      0      0 I   0.0   0.0   0:00.00 kworker+
   3743 root       0 -20       0      0      0 I   0.0   0.0   0:00.00 kworker+
   3752 aisha     20   0   18608   3712   3456 S   0.0   0.1   0:00.00 Clienti+
aisha       2463  3.5  6.8 3866944 271616 ?      Ssl  22:55   0:13 /usr/bin/gnome-shell
aisha       3624  1.2  3.8 1429956 153520 ?      Sl   22:59   0:01 /usr/bin/nautilus --gapplication-service
aisha       3232  0.0  2.0 718944 81040 ?        Sl   22:55   0:00 /usr/libexec/mutter-x11-frames
aisha       2918  0.0  1.9 243832 76664 ?        S    22:55   0:00 /usr/bin/Xwayland :0 -rootless -noreset -accessx -core -auth /run/user/1000/.mutter-Xwaylandauth.HBBRX2 -listenfd 4 -listenfd 5 -displayfd 6 -initfd 7 -byteswappedclients
aisha       3133  0.0  1.8 638896 74944 ?        Ssl  22:55   0:00 /usr/libexec/gsd-xsettings
